<?xml version="1.0" encoding="UTF-8"?>
<testsuite xmlns:xsi="http://www.w3.org/2001/XMLSchema-instance" xsi:noNamespaceSchemaLocation="https://maven.apache.org/surefire/maven-surefire-plugin/xsd/surefire-test-report-3.0.xsd" version="3.0" name="com.example.aicareerguidance.AiCareerGuidancePlatformApplicationTests" time="20.886" tests="1" errors="0" skipped="0" failures="0">
  <properties>
    <property name="java.specification.version" value="21"/>
    <property name="sun.cpu.isalist" value="amd64"/>
    <property name="sun.jnu.encoding" value="Cp1252"/>
    <property name="java.class.path" value="G:\Microservices app\ai-career-guidance-platform\target\test-classes;G:\Microservices app\ai-career-guidance-platform\target\classes;C:\Users\shaik\.m2\repository\org\springframework\boot\spring-boot-starter-web\3.3.2\spring-boot-starter-web-3.3.2.jar;C:\Users\shaik\.m2\repository\org\springframework\boot\spring-boot-starter\3.3.2\spring-boot-starter-3.3.2.jar;C:\Users\shaik\.m2\repository\org\springframework\boot\spring-boot\3.3.2\spring-boot-3.3.2.jar;C:\Users\shaik\.m2\repository\org\springframework\boot\spring-boot-autoconfigure\3.3.2\spring-boot-autoconfigure-3.3.2.jar;C:\Users\shaik\.m2\repository\org\springframework\boot\spring-boot-starter-logging\3.3.2\spring-boot-starter-logging-3.3.2.jar;C:\Users\shaik\.m2\repository\ch\qos\logback\logback-classic\1.5.6\logback-classic-1.5.6.jar;C:\Users\shaik\.m2\repository\ch\qos\logback\logback-core\1.5.6\logback-core-1.5.6.jar;C:\Users\shaik\.m2\repository\org\apache\logging\log4j\log4j-to-slf4j\2.23.1\log4j-to-slf4j-2.23.1.jar;C:\Users\shaik\.m2\repository\org\apache\logging\log4j\log4j-api\2.23.1\log4j-api-2.23.1.jar;C:\Users\shaik\.m2\repository\org\slf4j\jul-to-slf4j\2.0.13\jul-to-slf4j-2.0.13.jar;C:\Users\shaik\.m2\repository\jakarta\annotation\jakarta.annotation-api\2.1.1\jakarta.annotation-api-2.1.1.jar;C:\Users\shaik\.m2\repository\org\yaml\snakeyaml\2.2\snakeyaml-2.2.jar;C:\Users\shaik\.m2\repository\org\springframework\boot\spring-boot-starter-json\3.3.2\spring-boot-starter-json-3.3.2.jar;C:\Users\shaik\.m2\repository\com\fasterxml\jackson\datatype\jackson-datatype-jdk8\2.17.2\jackson-datatype-jdk8-2.17.2.jar;C:\Users\shaik\.m2\repository\com\fasterxml\jackson\datatype\jackson-datatype-jsr310\2.17.2\jackson-datatype-jsr310-2.17.2.jar;C:\Users\shaik\.m2\repository\com\fasterxml\jackson\module\jackson-module-parameter-names\2.17.2\jackson-module-parameter-names-2.17.2.jar;C:\Users\shaik\.m2\repository\org\springframework\boot\spring-boot-starter-tomcat\3.3.2\spring-boot-starter-tomcat-3.3.2.jar;C:\Users\shaik\.m2\repository\org\apache\tomcat\embed\tomcat-embed-core\10.1.26\tomcat-embed-core-10.1.26.jar;C:\Users\shaik\.m2\repository\org\apache\tomcat\embed\tomcat-embed-el\10.1.26\tomcat-embed-el-10.1.26.jar;C:\Users\shaik\.m2\repository\org\apache\tomcat\embed\tomcat-embed-websocket\10.1.26\tomcat-embed-websocket-10.1.26.jar;C:\Users\shaik\.m2\repository\org\springframework\spring-web\6.1.11\spring-web-6.1.11.jar;C:\Users\shaik\.m2\repository\org\springframework\spring-beans\6.1.11\spring-beans-6.1.11.jar;C:\Users\shaik\.m2\repository\io\micrometer\micrometer-observation\1.13.2\micrometer-observation-1.13.2.jar;C:\Users\shaik\.m2\repository\io\micrometer\micrometer-commons\1.13.2\micrometer-commons-1.13.2.jar;C:\Users\shaik\.m2\repository\org\springframework\spring-webmvc\6.1.11\spring-webmvc-6.1.11.jar;C:\Users\shaik\.m2\repository\org\springframework\spring-aop\6.1.11\spring-aop-6.1.11.jar;C:\Users\shaik\.m2\repository\org\springframework\spring-context\6.1.11\spring-context-6.1.11.jar;C:\Users\shaik\.m2\repository\org\springframework\spring-expression\6.1.11\spring-expression-6.1.11.jar;C:\Users\shaik\.m2\repository\org\springframework\boot\spring-boot-starter-data-redis\3.3.2\spring-boot-starter-data-redis-3.3.2.jar;C:\Users\shaik\.m2\repository\io\lettuce\lettuce-core\6.3.2.RELEASE\lettuce-core-6.3.2.RELEASE.jar;C:\Users\shaik\.m2\repository\io\netty\netty-common\4.1.111.Final\netty-common-4.1.111.Final.jar;C:\Users\shaik\.m2\repository\io\netty\netty-handler\4.1.111.Final\netty-handler-4.1.111.Final.jar;C:\Users\shaik\.m2\repository\io\netty\netty-resolver\4.1.111.Final\netty-resolver-4.1.111.Final.jar;C:\Users\shaik\.m2\repository\io\netty\netty-buffer\4.1.111.Final\netty-buffer-4.1.111.Final.jar;C:\Users\shaik\.m2\repository\io\netty\netty-transport-native-unix-common\4.1.111.Final\netty-transport-native-unix-common-4.1.111.Final.jar;C:\Users\shaik\.m2\repository\io\netty\netty-codec\4.1.111.Final\netty-codec-4.1.111.Final.jar;C:\Users\shaik\.m2\repository\io\netty\netty-transport\4.1.111.Final\netty-transport-4.1.111.Final.jar;C:\Users\shaik\.m2\repository\io\projectreactor\reactor-core\3.6.8\reactor-core-3.6.8.jar;C:\Users\shaik\.m2\repository\org\reactivestreams\reactive-streams\1.0.4\reactive-streams-1.0.4.jar;C:\Users\shaik\.m2\repository\org\springframework\data\spring-data-redis\3.3.2\spring-data-redis-3.3.2.jar;C:\Users\shaik\.m2\repository\org\springframework\data\spring-data-keyvalue\3.3.2\spring-data-keyvalue-3.3.2.jar;C:\Users\shaik\.m2\repository\org\springframework\spring-tx\6.1.11\spring-tx-6.1.11.jar;C:\Users\shaik\.m2\repository\org\springframework\spring-oxm\6.1.11\spring-oxm-6.1.11.jar;C:\Users\shaik\.m2\repository\org\springframework\spring-context-support\6.1.11\spring-context-support-6.1.11.jar;C:\Users\shaik\.m2\repository\org\slf4j\slf4j-api\2.0.13\slf4j-api-2.0.13.jar;C:\Users\shaik\.m2\repository\org\springframework\boot\spring-boot-starter-data-jpa\3.3.2\spring-boot-starter-data-jpa-3.3.2.jar;C:\Users\shaik\.m2\repository\org\springframework\boot\spring-boot-starter-aop\3.3.2\spring-boot-starter-aop-3.3.2.jar;C:\Users\shaik\.m2\repository\org\aspectj\aspectjweaver\1.9.22.1\aspectjweaver-1.9.22.1.jar;C:\Users\shaik\.m2\repository\org\springframework\boot\spring-boot-starter-jdbc\3.3.2\spring-boot-starter-jdbc-3.3.2.jar;C:\Users\shaik\.m2\repository\com\zaxxer\HikariCP\5.1.0\HikariCP-5.1.0.jar;C:\Users\shaik\.m2\repository\org\springframework\spring-jdbc\6.1.11\spring-jdbc-6.1.11.jar;C:\Users\shaik\.m2\repository\org\hibernate\orm\hibernate-core\6.5.2.Final\hibernate-core-6.5.2.Final.jar;C:\Users\shaik\.m2\repository\jakarta\persistence\jakarta.persistence-api\3.1.0\jakarta.persistence-api-3.1.0.jar;C:\Users\shaik\.m2\repository\jakarta\transaction\jakarta.transaction-api\2.0.1\jakarta.transaction-api-2.0.1.jar;C:\Users\shaik\.m2\repository\org\jboss\logging\jboss-logging\3.5.3.Final\jboss-logging-3.5.3.Final.jar;C:\Users\shaik\.m2\repository\org\hibernate\common\hibernate-commons-annotations\6.0.6.Final\hibernate-commons-annotations-6.0.6.Final.jar;C:\Users\shaik\.m2\repository\io\smallrye\jandex\3.1.2\jandex-3.1.2.jar;C:\Users\shaik\.m2\repository\com\fasterxml\classmate\1.7.0\classmate-1.7.0.jar;C:\Users\shaik\.m2\repository\net\bytebuddy\byte-buddy\1.14.18\byte-buddy-1.14.18.jar;C:\Users\shaik\.m2\repository\org\glassfish\jaxb\jaxb-runtime\4.0.5\jaxb-runtime-4.0.5.jar;C:\Users\shaik\.m2\repository\org\glassfish\jaxb\jaxb-core\4.0.5\jaxb-core-4.0.5.jar;C:\Users\shaik\.m2\repository\org\eclipse\angus\angus-activation\2.0.2\angus-activation-2.0.2.jar;C:\Users\shaik\.m2\repository\org\glassfish\jaxb\txw2\4.0.5\txw2-4.0.5.jar;C:\Users\shaik\.m2\repository\com\sun\istack\istack-commons-runtime\4.1.2\istack-commons-runtime-4.1.2.jar;C:\Users\shaik\.m2\repository\jakarta\inject\jakarta.inject-api\2.0.1\jakarta.inject-api-2.0.1.jar;C:\Users\shaik\.m2\repository\org\antlr\antlr4-runtime\4.13.0\antlr4-runtime-4.13.0.jar;C:\Users\shaik\.m2\repository\org\springframework\data\spring-data-jpa\3.3.2\spring-data-jpa-3.3.2.jar;C:\Users\shaik\.m2\repository\org\springframework\data\spring-data-commons\3.3.2\spring-data-commons-3.3.2.jar;C:\Users\shaik\.m2\repository\org\springframework\spring-orm\6.1.11\spring-orm-6.1.11.jar;C:\Users\shaik\.m2\repository\org\springframework\spring-aspects\6.1.11\spring-aspects-6.1.11.jar;C:\Users\shaik\.m2\repository\com\mysql\mysql-connector-j\8.3.0\mysql-connector-j-8.3.0.jar;C:\Users\shaik\.m2\repository\org\projectlombok\lombok\1.18.34\lombok-1.18.34.jar;C:\Users\shaik\.m2\repository\org\springframework\ai\spring-ai-openai-spring-boot-starter\1.0.0-M4\spring-ai-openai-spring-boot-starter-1.0.0-M4.jar;C:\Users\shaik\.m2\repository\org\springframework\ai\spring-ai-spring-boot-autoconfigure\1.0.0-M4\spring-ai-spring-boot-autoconfigure-1.0.0-M4.jar;C:\Users\shaik\.m2\repository\org\springframework\ai\spring-ai-openai\1.0.0-M4\spring-ai-openai-1.0.0-M4.jar;C:\Users\shaik\.m2\repository\org\springframework\ai\spring-ai-core\1.0.0-M4\spring-ai-core-1.0.0-M4.jar;C:\Users\shaik\.m2\repository\com\fasterxml\jackson\module\jackson-module-jsonSchema\2.17.2\jackson-module-jsonSchema-2.17.2.jar;C:\Users\shaik\.m2\repository\javax\validation\validation-api\1.1.0.Final\validation-api-1.1.0.Final.jar;C:\Users\shaik\.m2\repository\io\swagger\core\v3\swagger-annotations\2.2.20\swagger-annotations-2.2.20.jar;C:\Users\shaik\.m2\repository\com\github\victools\jsonschema-module-swagger-2\4.35.0\jsonschema-module-swagger-2-4.35.0.jar;C:\Users\shaik\.m2\repository\org\antlr\ST4\4.3.4\ST4-4.3.4.jar;C:\Users\shaik\.m2\repository\org\antlr\antlr-runtime\3.5.3\antlr-runtime-3.5.3.jar;C:\Users\shaik\.m2\repository\org\springframework\spring-messaging\6.1.11\spring-messaging-6.1.11.jar;C:\Users\shaik\.m2\repository\io\micrometer\micrometer-core\1.13.2\micrometer-core-1.13.2.jar;C:\Users\shaik\.m2\repository\org\hdrhistogram\HdrHistogram\2.2.2\HdrHistogram-2.2.2.jar;C:\Users\shaik\.m2\repository\org\latencyutils\LatencyUtils\2.0.3\LatencyUtils-2.0.3.jar;C:\Users\shaik\.m2\repository\io\micrometer\context-propagation\1.1.1\context-propagation-1.1.1.jar;C:\Users\shaik\.m2\repository\com\knuddels\jtokkit\1.1.0\jtokkit-1.1.0.jar;C:\Users\shaik\.m2\repository\org\springframework\ai\spring-ai-retry\1.0.0-M4\spring-ai-retry-1.0.0-M4.jar;C:\Users\shaik\.m2\repository\org\springframework\retry\spring-retry\2.0.7\spring-retry-2.0.7.jar;C:\Users\shaik\.m2\repository\org\springframework\spring-webflux\6.1.11\spring-webflux-6.1.11.jar;C:\Users\shaik\.m2\repository\io\rest-assured\json-path\5.4.0\json-path-5.4.0.jar;C:\Users\shaik\.m2\repository\org\apache\groovy\groovy-json\4.0.22\groovy-json-4.0.22.jar;C:\Users\shaik\.m2\repository\org\apache\groovy\groovy\4.0.22\groovy-4.0.22.jar;C:\Users\shaik\.m2\repository\io\rest-assured\rest-assured-common\5.4.0\rest-assured-common-5.4.0.jar;C:\Users\shaik\.m2\repository\org\apache\commons\commons-lang3\3.14.0\commons-lang3-3.14.0.jar;C:\Users\shaik\.m2\repository\com\github\victools\jsonschema-generator\4.31.1\jsonschema-generator-4.31.1.jar;C:\Users\shaik\.m2\repository\com\github\victools\jsonschema-module-jackson\4.31.1\jsonschema-module-jackson-4.31.1.jar;C:\Users\shaik\.m2\repository\org\springframework\boot\spring-boot-starter-test\3.3.2\spring-boot-starter-test-3.3.2.jar;C:\Users\shaik\.m2\repository\org\springframework\boot\spring-boot-test\3.3.2\spring-boot-test-3.3.2.jar;C:\Users\shaik\.m2\repository\org\springframework\boot\spring-boot-test-autoconfigure\3.3.2\spring-boot-test-autoconfigure-3.3.2.jar;C:\Users\shaik\.m2\repository\com\jayway\jsonpath\json-path\2.9.0\json-path-2.9.0.jar;C:\Users\shaik\.m2\repository\jakarta\xml\bind\jakarta.xml.bind-api\4.0.2\jakarta.xml.bind-api-4.0.2.jar;C:\Users\shaik\.m2\repository\jakarta\activation\jakarta.activation-api\2.1.3\jakarta.activation-api-2.1.3.jar;C:\Users\shaik\.m2\repository\net\minidev\json-smart\2.5.1\json-smart-2.5.1.jar;C:\Users\shaik\.m2\repository\net\minidev\accessors-smart\2.5.1\accessors-smart-2.5.1.jar;C:\Users\shaik\.m2\repository\org\ow2\asm\asm\9.6\asm-9.6.jar;C:\Users\shaik\.m2\repository\org\assertj\assertj-core\3.25.3\assertj-core-3.25.3.jar;C:\Users\shaik\.m2\repository\org\awaitility\awaitility\4.2.1\awaitility-4.2.1.jar;C:\Users\shaik\.m2\repository\org\hamcrest\hamcrest\2.2\hamcrest-2.2.jar;C:\Users\shaik\.m2\repository\org\junit\jupiter\junit-jupiter\5.10.3\junit-jupiter-5.10.3.jar;C:\Users\shaik\.m2\repository\org\junit\jupiter\junit-jupiter-api\5.10.3\junit-jupiter-api-5.10.3.jar;C:\Users\shaik\.m2\repository\org\opentest4j\opentest4j\1.3.0\opentest4j-1.3.0.jar;C:\Users\shaik\.m2\repository\org\junit\platform\junit-platform-commons\1.10.3\junit-platform-commons-1.10.3.jar;C:\Users\shaik\.m2\repository\org\apiguardian\apiguardian-api\1.1.2\apiguardian-api-1.1.2.jar;C:\Users\shaik\.m2\repository\org\junit\jupiter\junit-jupiter-params\5.10.3\junit-jupiter-params-5.10.3.jar;C:\Users\shaik\.m2\repository\org\junit\jupiter\junit-jupiter-engine\5.10.3\junit-jupiter-engine-5.10.3.jar;C:\Users\shaik\.m2\repository\org\junit\platform\junit-platform-engine\1.10.3\junit-platform-engine-1.10.3.jar;C:\Users\shaik\.m2\repository\org\mockito\mockito-core\5.11.0\mockito-core-5.11.0.jar;C:\Users\shaik\.m2\repository\net\bytebuddy\byte-buddy-agent\1.14.18\byte-buddy-agent-1.14.18.jar;C:\Users\shaik\.m2\repository\org\objenesis\objenesis\3.3\objenesis-3.3.jar;C:\Users\shaik\.m2\repository\org\mockito\mockito-junit-jupiter\5.11.0\mockito-junit-jupiter-5.11.0.jar;C:\Users\shaik\.m2\repository\org\skyscreamer\jsonassert\1.5.3\jsonassert-1.5.3.jar;C:\Users\shaik\.m2\repository\com\vaadin\external\google\android-json\0.0.20131108.vaadin1\android-json-0.0.20131108.vaadin1.jar;C:\Users\shaik\.m2\repository\org\springframework\spring-core\6.1.11\spring-core-6.1.11.jar;C:\Users\shaik\.m2\repository\org\springframework\spring-jcl\6.1.11\spring-jcl-6.1.11.jar;C:\Users\shaik\.m2\repository\org\springframework\spring-test\6.1.11\spring-test-6.1.11.jar;C:\Users\shaik\.m2\repository\org\xmlunit\xmlunit-core\2.9.1\xmlunit-core-2.9.1.jar;C:\Users\shaik\.m2\repository\com\h2database\h2\2.2.224\h2-2.2.224.jar;C:\Users\shaik\.m2\repository\com\fasterxml\jackson\core\jackson-databind\2.17.2\jackson-databind-2.17.2.jar;C:\Users\shaik\.m2\repository\com\fasterxml\jackson\core\jackson-annotations\2.17.2\jackson-annotations-2.17.2.jar;C:\Users\shaik\.m2\repository\com\fasterxml\jackson\core\jackson-core\2.17.2\jackson-core-2.17.2.jar;C:\Users\shaik\.m2\repository\me\paulschwarz\spring-dotenv\4.0.0\spring-dotenv-4.0.0.jar;C:\Users\shaik\.m2\repository\io\github\cdimascio\dotenv-java\3.0.0\dotenv-java-3.0.0.jar;"/>
    <property name="java.vm.vendor" value="OpenLogic"/>
    <property name="sun.arch.data.model" value="64"/>
    <property name="user.variant" value=""/>
    <property name="java.vendor.url" value="https://openlogic.com/"/>
    <property name="user.timezone" value="Asia/Calcutta"/>
    <property name="org.jboss.logging.provider" value="slf4j"/>
    <property name="user.country.format" value="001"/>
    <property name="os.name" value="Windows 11"/>
    <property name="java.vm.specification.version" value="21"/>
    <property name="sun.java.launcher" value="SUN_STANDARD"/>
    <property name="user.country" value="US"/>
    <property name="sun.boot.library.path" value="C:\Program Files\OpenLogic\jdk-21.0.8.9-hotspot\bin"/>
    <property name="sun.java.command" value="C:\Users\shaik\AppData\Local\Temp\surefire247220691246638011\surefirebooter-20250725190351893_3.jar C:\Users\shaik\AppData\Local\Temp\surefire247220691246638011 2025-07-25T19-03-51_555-jvmRun1 surefire-20250725190351893_1tmp surefire_0-20250725190351893_2tmp"/>
    <property name="jdk.debug" value="release"/>
    <property name="surefire.test.class.path" value="G:\Microservices app\ai-career-guidance-platform\target\test-classes;G:\Microservices app\ai-career-guidance-platform\target\classes;C:\Users\shaik\.m2\repository\org\springframework\boot\spring-boot-starter-web\3.3.2\spring-boot-starter-web-3.3.2.jar;C:\Users\shaik\.m2\repository\org\springframework\boot\spring-boot-starter\3.3.2\spring-boot-starter-3.3.2.jar;C:\Users\shaik\.m2\repository\org\springframework\boot\spring-boot\3.3.2\spring-boot-3.3.2.jar;C:\Users\shaik\.m2\repository\org\springframework\boot\spring-boot-autoconfigure\3.3.2\spring-boot-autoconfigure-3.3.2.jar;C:\Users\shaik\.m2\repository\org\springframework\boot\spring-boot-starter-logging\3.3.2\spring-boot-starter-logging-3.3.2.jar;C:\Users\shaik\.m2\repository\ch\qos\logback\logback-classic\1.5.6\logback-classic-1.5.6.jar;C:\Users\shaik\.m2\repository\ch\qos\logback\logback-core\1.5.6\logback-core-1.5.6.jar;C:\Users\shaik\.m2\repository\org\apache\logging\log4j\log4j-to-slf4j\2.23.1\log4j-to-slf4j-2.23.1.jar;C:\Users\shaik\.m2\repository\org\apache\logging\log4j\log4j-api\2.23.1\log4j-api-2.23.1.jar;C:\Users\shaik\.m2\repository\org\slf4j\jul-to-slf4j\2.0.13\jul-to-slf4j-2.0.13.jar;C:\Users\shaik\.m2\repository\jakarta\annotation\jakarta.annotation-api\2.1.1\jakarta.annotation-api-2.1.1.jar;C:\Users\shaik\.m2\repository\org\yaml\snakeyaml\2.2\snakeyaml-2.2.jar;C:\Users\shaik\.m2\repository\org\springframework\boot\spring-boot-starter-json\3.3.2\spring-boot-starter-json-3.3.2.jar;C:\Users\shaik\.m2\repository\com\fasterxml\jackson\datatype\jackson-datatype-jdk8\2.17.2\jackson-datatype-jdk8-2.17.2.jar;C:\Users\shaik\.m2\repository\com\fasterxml\jackson\datatype\jackson-datatype-jsr310\2.17.2\jackson-datatype-jsr310-2.17.2.jar;C:\Users\shaik\.m2\repository\com\fasterxml\jackson\module\jackson-module-parameter-names\2.17.2\jackson-module-parameter-names-2.17.2.jar;C:\Users\shaik\.m2\repository\org\springframework\boot\spring-boot-starter-tomcat\3.3.2\spring-boot-starter-tomcat-3.3.2.jar;C:\Users\shaik\.m2\repository\org\apache\tomcat\embed\tomcat-embed-core\10.1.26\tomcat-embed-core-10.1.26.jar;C:\Users\shaik\.m2\repository\org\apache\tomcat\embed\tomcat-embed-el\10.1.26\tomcat-embed-el-10.1.26.jar;C:\Users\shaik\.m2\repository\org\apache\tomcat\embed\tomcat-embed-websocket\10.1.26\tomcat-embed-websocket-10.1.26.jar;C:\Users\shaik\.m2\repository\org\springframework\spring-web\6.1.11\spring-web-6.1.11.jar;C:\Users\shaik\.m2\repository\org\springframework\spring-beans\6.1.11\spring-beans-6.1.11.jar;C:\Users\shaik\.m2\repository\io\micrometer\micrometer-observation\1.13.2\micrometer-observation-1.13.2.jar;C:\Users\shaik\.m2\repository\io\micrometer\micrometer-commons\1.13.2\micrometer-commons-1.13.2.jar;C:\Users\shaik\.m2\repository\org\springframework\spring-webmvc\6.1.11\spring-webmvc-6.1.11.jar;C:\Users\shaik\.m2\repository\org\springframework\spring-aop\6.1.11\spring-aop-6.1.11.jar;C:\Users\shaik\.m2\repository\org\springframework\spring-context\6.1.11\spring-context-6.1.11.jar;C:\Users\shaik\.m2\repository\org\springframework\spring-expression\6.1.11\spring-expression-6.1.11.jar;C:\Users\shaik\.m2\repository\org\springframework\boot\spring-boot-starter-data-redis\3.3.2\spring-boot-starter-data-redis-3.3.2.jar;C:\Users\shaik\.m2\repository\io\lettuce\lettuce-core\6.3.2.RELEASE\lettuce-core-6.3.2.RELEASE.jar;C:\Users\shaik\.m2\repository\io\netty\netty-common\4.1.111.Final\netty-common-4.1.111.Final.jar;C:\Users\shaik\.m2\repository\io\netty\netty-handler\4.1.111.Final\netty-handler-4.1.111.Final.jar;C:\Users\shaik\.m2\repository\io\netty\netty-resolver\4.1.111.Final\netty-resolver-4.1.111.Final.jar;C:\Users\shaik\.m2\repository\io\netty\netty-buffer\4.1.111.Final\netty-buffer-4.1.111.Final.jar;C:\Users\shaik\.m2\repository\io\netty\netty-transport-native-unix-common\4.1.111.Final\netty-transport-native-unix-common-4.1.111.Final.jar;C:\Users\shaik\.m2\repository\io\netty\netty-codec\4.1.111.Final\netty-codec-4.1.111.Final.jar;C:\Users\shaik\.m2\repository\io\netty\netty-transport\4.1.111.Final\netty-transport-4.1.111.Final.jar;C:\Users\shaik\.m2\repository\io\projectreactor\reactor-core\3.6.8\reactor-core-3.6.8.jar;C:\Users\shaik\.m2\repository\org\reactivestreams\reactive-streams\1.0.4\reactive-streams-1.0.4.jar;C:\Users\shaik\.m2\repository\org\springframework\data\spring-data-redis\3.3.2\spring-data-redis-3.3.2.jar;C:\Users\shaik\.m2\repository\org\springframework\data\spring-data-keyvalue\3.3.2\spring-data-keyvalue-3.3.2.jar;C:\Users\shaik\.m2\repository\org\springframework\spring-tx\6.1.11\spring-tx-6.1.11.jar;C:\Users\shaik\.m2\repository\org\springframework\spring-oxm\6.1.11\spring-oxm-6.1.11.jar;C:\Users\shaik\.m2\repository\org\springframework\spring-context-support\6.1.11\spring-context-support-6.1.11.jar;C:\Users\shaik\.m2\repository\org\slf4j\slf4j-api\2.0.13\slf4j-api-2.0.13.jar;C:\Users\shaik\.m2\repository\org\springframework\boot\spring-boot-starter-data-jpa\3.3.2\spring-boot-starter-data-jpa-3.3.2.jar;C:\Users\shaik\.m2\repository\org\springframework\boot\spring-boot-starter-aop\3.3.2\spring-boot-starter-aop-3.3.2.jar;C:\Users\shaik\.m2\repository\org\aspectj\aspectjweaver\1.9.22.1\aspectjweaver-1.9.22.1.jar;C:\Users\shaik\.m2\repository\org\springframework\boot\spring-boot-starter-jdbc\3.3.2\spring-boot-starter-jdbc-3.3.2.jar;C:\Users\shaik\.m2\repository\com\zaxxer\HikariCP\5.1.0\HikariCP-5.1.0.jar;C:\Users\shaik\.m2\repository\org\springframework\spring-jdbc\6.1.11\spring-jdbc-6.1.11.jar;C:\Users\shaik\.m2\repository\org\hibernate\orm\hibernate-core\6.5.2.Final\hibernate-core-6.5.2.Final.jar;C:\Users\shaik\.m2\repository\jakarta\persistence\jakarta.persistence-api\3.1.0\jakarta.persistence-api-3.1.0.jar;C:\Users\shaik\.m2\repository\jakarta\transaction\jakarta.transaction-api\2.0.1\jakarta.transaction-api-2.0.1.jar;C:\Users\shaik\.m2\repository\org\jboss\logging\jboss-logging\3.5.3.Final\jboss-logging-3.5.3.Final.jar;C:\Users\shaik\.m2\repository\org\hibernate\common\hibernate-commons-annotations\6.0.6.Final\hibernate-commons-annotations-6.0.6.Final.jar;C:\Users\shaik\.m2\repository\io\smallrye\jandex\3.1.2\jandex-3.1.2.jar;C:\Users\shaik\.m2\repository\com\fasterxml\classmate\1.7.0\classmate-1.7.0.jar;C:\Users\shaik\.m2\repository\net\bytebuddy\byte-buddy\1.14.18\byte-buddy-1.14.18.jar;C:\Users\shaik\.m2\repository\org\glassfish\jaxb\jaxb-runtime\4.0.5\jaxb-runtime-4.0.5.jar;C:\Users\shaik\.m2\repository\org\glassfish\jaxb\jaxb-core\4.0.5\jaxb-core-4.0.5.jar;C:\Users\shaik\.m2\repository\org\eclipse\angus\angus-activation\2.0.2\angus-activation-2.0.2.jar;C:\Users\shaik\.m2\repository\org\glassfish\jaxb\txw2\4.0.5\txw2-4.0.5.jar;C:\Users\shaik\.m2\repository\com\sun\istack\istack-commons-runtime\4.1.2\istack-commons-runtime-4.1.2.jar;C:\Users\shaik\.m2\repository\jakarta\inject\jakarta.inject-api\2.0.1\jakarta.inject-api-2.0.1.jar;C:\Users\shaik\.m2\repository\org\antlr\antlr4-runtime\4.13.0\antlr4-runtime-4.13.0.jar;C:\Users\shaik\.m2\repository\org\springframework\data\spring-data-jpa\3.3.2\spring-data-jpa-3.3.2.jar;C:\Users\shaik\.m2\repository\org\springframework\data\spring-data-commons\3.3.2\spring-data-commons-3.3.2.jar;C:\Users\shaik\.m2\repository\org\springframework\spring-orm\6.1.11\spring-orm-6.1.11.jar;C:\Users\shaik\.m2\repository\org\springframework\spring-aspects\6.1.11\spring-aspects-6.1.11.jar;C:\Users\shaik\.m2\repository\com\mysql\mysql-connector-j\8.3.0\mysql-connector-j-8.3.0.jar;C:\Users\shaik\.m2\repository\org\projectlombok\lombok\1.18.34\lombok-1.18.34.jar;C:\Users\shaik\.m2\repository\org\springframework\ai\spring-ai-openai-spring-boot-starter\1.0.0-M4\spring-ai-openai-spring-boot-starter-1.0.0-M4.jar;C:\Users\shaik\.m2\repository\org\springframework\ai\spring-ai-spring-boot-autoconfigure\1.0.0-M4\spring-ai-spring-boot-autoconfigure-1.0.0-M4.jar;C:\Users\shaik\.m2\repository\org\springframework\ai\spring-ai-openai\1.0.0-M4\spring-ai-openai-1.0.0-M4.jar;C:\Users\shaik\.m2\repository\org\springframework\ai\spring-ai-core\1.0.0-M4\spring-ai-core-1.0.0-M4.jar;C:\Users\shaik\.m2\repository\com\fasterxml\jackson\module\jackson-module-jsonSchema\2.17.2\jackson-module-jsonSchema-2.17.2.jar;C:\Users\shaik\.m2\repository\javax\validation\validation-api\1.1.0.Final\validation-api-1.1.0.Final.jar;C:\Users\shaik\.m2\repository\io\swagger\core\v3\swagger-annotations\2.2.20\swagger-annotations-2.2.20.jar;C:\Users\shaik\.m2\repository\com\github\victools\jsonschema-module-swagger-2\4.35.0\jsonschema-module-swagger-2-4.35.0.jar;C:\Users\shaik\.m2\repository\org\antlr\ST4\4.3.4\ST4-4.3.4.jar;C:\Users\shaik\.m2\repository\org\antlr\antlr-runtime\3.5.3\antlr-runtime-3.5.3.jar;C:\Users\shaik\.m2\repository\org\springframework\spring-messaging\6.1.11\spring-messaging-6.1.11.jar;C:\Users\shaik\.m2\repository\io\micrometer\micrometer-core\1.13.2\micrometer-core-1.13.2.jar;C:\Users\shaik\.m2\repository\org\hdrhistogram\HdrHistogram\2.2.2\HdrHistogram-2.2.2.jar;C:\Users\shaik\.m2\repository\org\latencyutils\LatencyUtils\2.0.3\LatencyUtils-2.0.3.jar;C:\Users\shaik\.m2\repository\io\micrometer\context-propagation\1.1.1\context-propagation-1.1.1.jar;C:\Users\shaik\.m2\repository\com\knuddels\jtokkit\1.1.0\jtokkit-1.1.0.jar;C:\Users\shaik\.m2\repository\org\springframework\ai\spring-ai-retry\1.0.0-M4\spring-ai-retry-1.0.0-M4.jar;C:\Users\shaik\.m2\repository\org\springframework\retry\spring-retry\2.0.7\spring-retry-2.0.7.jar;C:\Users\shaik\.m2\repository\org\springframework\spring-webflux\6.1.11\spring-webflux-6.1.11.jar;C:\Users\shaik\.m2\repository\io\rest-assured\json-path\5.4.0\json-path-5.4.0.jar;C:\Users\shaik\.m2\repository\org\apache\groovy\groovy-json\4.0.22\groovy-json-4.0.22.jar;C:\Users\shaik\.m2\repository\org\apache\groovy\groovy\4.0.22\groovy-4.0.22.jar;C:\Users\shaik\.m2\repository\io\rest-assured\rest-assured-common\5.4.0\rest-assured-common-5.4.0.jar;C:\Users\shaik\.m2\repository\org\apache\commons\commons-lang3\3.14.0\commons-lang3-3.14.0.jar;C:\Users\shaik\.m2\repository\com\github\victools\jsonschema-generator\4.31.1\jsonschema-generator-4.31.1.jar;C:\Users\shaik\.m2\repository\com\github\victools\jsonschema-module-jackson\4.31.1\jsonschema-module-jackson-4.31.1.jar;C:\Users\shaik\.m2\repository\org\springframework\boot\spring-boot-starter-test\3.3.2\spring-boot-starter-test-3.3.2.jar;C:\Users\shaik\.m2\repository\org\springframework\boot\spring-boot-test\3.3.2\spring-boot-test-3.3.2.jar;C:\Users\shaik\.m2\repository\org\springframework\boot\spring-boot-test-autoconfigure\3.3.2\spring-boot-test-autoconfigure-3.3.2.jar;C:\Users\shaik\.m2\repository\com\jayway\jsonpath\json-path\2.9.0\json-path-2.9.0.jar;C:\Users\shaik\.m2\repository\jakarta\xml\bind\jakarta.xml.bind-api\4.0.2\jakarta.xml.bind-api-4.0.2.jar;C:\Users\shaik\.m2\repository\jakarta\activation\jakarta.activation-api\2.1.3\jakarta.activation-api-2.1.3.jar;C:\Users\shaik\.m2\repository\net\minidev\json-smart\2.5.1\json-smart-2.5.1.jar;C:\Users\shaik\.m2\repository\net\minidev\accessors-smart\2.5.1\accessors-smart-2.5.1.jar;C:\Users\shaik\.m2\repository\org\ow2\asm\asm\9.6\asm-9.6.jar;C:\Users\shaik\.m2\repository\org\assertj\assertj-core\3.25.3\assertj-core-3.25.3.jar;C:\Users\shaik\.m2\repository\org\awaitility\awaitility\4.2.1\awaitility-4.2.1.jar;C:\Users\shaik\.m2\repository\org\hamcrest\hamcrest\2.2\hamcrest-2.2.jar;C:\Users\shaik\.m2\repository\org\junit\jupiter\junit-jupiter\5.10.3\junit-jupiter-5.10.3.jar;C:\Users\shaik\.m2\repository\org\junit\jupiter\junit-jupiter-api\5.10.3\junit-jupiter-api-5.10.3.jar;C:\Users\shaik\.m2\repository\org\opentest4j\opentest4j\1.3.0\opentest4j-1.3.0.jar;C:\Users\shaik\.m2\repository\org\junit\platform\junit-platform-commons\1.10.3\junit-platform-commons-1.10.3.jar;C:\Users\shaik\.m2\repository\org\apiguardian\apiguardian-api\1.1.2\apiguardian-api-1.1.2.jar;C:\Users\shaik\.m2\repository\org\junit\jupiter\junit-jupiter-params\5.10.3\junit-jupiter-params-5.10.3.jar;C:\Users\shaik\.m2\repository\org\junit\jupiter\junit-jupiter-engine\5.10.3\junit-jupiter-engine-5.10.3.jar;C:\Users\shaik\.m2\repository\org\junit\platform\junit-platform-engine\1.10.3\junit-platform-engine-1.10.3.jar;C:\Users\shaik\.m2\repository\org\mockito\mockito-core\5.11.0\mockito-core-5.11.0.jar;C:\Users\shaik\.m2\repository\net\bytebuddy\byte-buddy-agent\1.14.18\byte-buddy-agent-1.14.18.jar;C:\Users\shaik\.m2\repository\org\objenesis\objenesis\3.3\objenesis-3.3.jar;C:\Users\shaik\.m2\repository\org\mockito\mockito-junit-jupiter\5.11.0\mockito-junit-jupiter-5.11.0.jar;C:\Users\shaik\.m2\repository\org\skyscreamer\jsonassert\1.5.3\jsonassert-1.5.3.jar;C:\Users\shaik\.m2\repository\com\vaadin\external\google\android-json\0.0.20131108.vaadin1\android-json-0.0.20131108.vaadin1.jar;C:\Users\shaik\.m2\repository\org\springframework\spring-core\6.1.11\spring-core-6.1.11.jar;C:\Users\shaik\.m2\repository\org\springframework\spring-jcl\6.1.11\spring-jcl-6.1.11.jar;C:\Users\shaik\.m2\repository\org\springframework\spring-test\6.1.11\spring-test-6.1.11.jar;C:\Users\shaik\.m2\repository\org\xmlunit\xmlunit-core\2.9.1\xmlunit-core-2.9.1.jar;C:\Users\shaik\.m2\repository\com\h2database\h2\2.2.224\h2-2.2.224.jar;C:\Users\shaik\.m2\repository\com\fasterxml\jackson\core\jackson-databind\2.17.2\jackson-databind-2.17.2.jar;C:\Users\shaik\.m2\repository\com\fasterxml\jackson\core\jackson-annotations\2.17.2\jackson-annotations-2.17.2.jar;C:\Users\shaik\.m2\repository\com\fasterxml\jackson\core\jackson-core\2.17.2\jackson-core-2.17.2.jar;C:\Users\shaik\.m2\repository\me\paulschwarz\spring-dotenv\4.0.0\spring-dotenv-4.0.0.jar;C:\Users\shaik\.m2\repository\io\github\cdimascio\dotenv-java\3.0.0\dotenv-java-3.0.0.jar;"/>
    <property name="sun.cpu.endian" value="little"/>
    <property name="user.home" value="C:\Users\shaik"/>
    <property name="user.language" value="en"/>
    <property name="java.specification.vendor" value="Oracle Corporation"/>
    <property name="java.version.date" value="2025-07-15"/>
    <property name="java.home" value="C:\Program Files\OpenLogic\jdk-21.0.8.9-hotspot"/>
    <property name="file.separator" value="\"/>
    <property name="basedir" value="G:\Microservices app\ai-career-guidance-platform"/>
    <property name="java.vm.compressedOopsMode" value="Zero based"/>
    <property name="line.separator" value="&#10;"/>
    <property name="java.vm.specification.vendor" value="Oracle Corporation"/>
    <property name="java.specification.name" value="Java Platform API Specification"/>
    <property name="FILE_LOG_CHARSET" value="UTF-8"/>
    <property name="java.awt.headless" value="true"/>
    <property name="surefire.real.class.path" value="C:\Users\shaik\AppData\Local\Temp\surefire247220691246638011\surefirebooter-20250725190351893_3.jar"/>
    <property name="user.script" value=""/>
    <property name="sun.management.compiler" value="HotSpot 64-Bit Tiered Compilers"/>
    <property name="java.runtime.version" value="21.0.8+9-adhoc.Administrator.jdk21u"/>
    <property name="user.name" value="shaik"/>
    <property name="stdout.encoding" value="Cp1252"/>
    <property name="path.separator" value=";"/>
    <property name="os.version" value="10.0"/>
    <property name="java.runtime.name" value="OpenJDK Runtime Environment"/>
    <property name="file.encoding" value="UTF-8"/>
    <property name="java.vm.name" value="OpenJDK 64-Bit Server VM"/>
    <property name="java.vendor.version" value="OpenLogic-OpenJDK"/>
    <property name="localRepository" value="C:\Users\shaik\.m2\repository"/>
    <property name="java.vendor.url.bug" value="https://techsupport.roguewave.com/"/>
    <property name="java.io.tmpdir" value="C:\Users\shaik\AppData\Local\Temp\"/>
    <property name="com.zaxxer.hikari.pool_number" value="1"/>
    <property name="java.version" value="21.0.8"/>
    <property name="user.dir" value="G:\Microservices app\ai-career-guidance-platform"/>
    <property name="os.arch" value="amd64"/>
    <property name="java.vm.specification.name" value="Java Virtual Machine Specification"/>
    <property name="PID" value="27196"/>
    <property name="sun.os.patch.level" value=""/>
    <property name="CONSOLE_LOG_CHARSET" value="UTF-8"/>
    <property name="native.encoding" value="Cp1252"/>
    <property name="java.library.path" value="C:\Program Files\OpenLogic\jdk-21.0.8.9-hotspot\bin;C:\WINDOWS\Sun\Java\bin;C:\WINDOWS\system32;C:\WINDOWS;C:\Program Files\OpenLogic\jdk-21.0.8.9-hotspot\bin;C:\Program Files\Java\jdk-23\bin;C:\Program Files\Docker\Docker\resources\bin;C:\Users\shaik\AppData\Local\Pub\Cache\bin;C:\Program Files\OpenLogic\jdk-11.0.27.6-hotspot\bin;c:\Users\shaik\AppData\Local\Programs\cursor\resources\app\bin;C:\Program Files\Common Files\Oracle\Java\javapath;C:\Windows\system32;C:\Windows;C:\Windows\System32\Wbem;C:\Windows\System32\WindowsPowerShell\v1.0\;C:\Windows\System32\OpenSSH\;C:\Program Files\NVIDIA Corporation\NVIDIA NvDLISR;C:\WINDOWS\system32;C:\WINDOWS;C:\WINDOWS\System32\Wbem;C:\WINDOWS\System32\WindowsPowerShell\v1.0\;C:\WINDOWS\System32\OpenSSH\;C:\Program Files\dotnet\;C:\Program Files\MySQL\MySQL Shell 8.0\bin\;C:\Users\shaik\AppData\Local\Programs\Python\Python313\Scripts\;C:\Users\shaik\AppData\Local\Programs\Python\Python313\;C:\Users\shaik\AppData\Local\Microsoft\WindowsApps;C:\Program Files\JetBrains\IntelliJ IDEA 2024.2.3\bin;C:\Program Files\JetBrains\IntelliJ IDEA Community Edition 2024.2.3\bin;C:\Users\shaik\AppData\Local\GitHubDesktop\bin;C:\Program Files\JetBrains\DataGrip 2024.2.2\bin;C:\Program Files\JetBrains\PyCharm 2024.2.4\bin;C:\Users\shaik\OneDrive\Documents\Code\ucrt64\bin;C:\Users\sha;C:\WINDOWS\system32;C:\WINDOWS;C:\WINDOWS\System32\Wbem;C:\WINDOWS\System32\WindowsPowerShell\v1.0\;C:\WINDOWS\System32\OpenSSH\;C:\Program Files\Git\cmd;C:\Users\shaik\Downloads\apache-maven-3.9.9-bin;C:\Users\shaik\Downloads\apache-maven-3.9.9-bin;C:\Users\shaik\Downloads\apache-maven-3.9.9-bin\apache-maven-3.9.9\bin;C:\ProgramData\chocolatey\bin;C:\Users\shaik\AppData\Local\nvm;C:\New folder (2)\nodejs;C:\spark-3.5.5-bin-hadoop3\bin;C:\spark\bin;C:\Program Files\php-8.3.22-Win32-vs16-x64;C:\src\flutter\flutter\bin\cache\dart-sdk\bin;C:\Program Files\MySQL\MySQL Server 8.0\bin;C:\Program Files\nodejs\node.exe;C:\ProgramData\Microsoft\Windows\Start Menu\Programs\Node.js;C:\Program Files\Amazon\AWSCLIV2\;C:\Users\shaik\.local\bin;C:\Program Files\MySQL\MySQL Shell 8.0\bin\;C:\Users\shaik\AppData\Local\Microsoft\WindowsApps;C:\Program Files\JetBrains\IntelliJ IDEA 2024.2.3\bin;C:\Program Files\JetBrains\IntelliJ IDEA Community Edition 2025.1.3\bin;C:\Users\shaik\AppData\Local\GitHubDesktop\bin;C:\Program Files\JetBrains\DataGrip 2024.2.2\bin;C:\Program Files\JetBrains\PyCharm 2024.2.4\bin;C:\Users\shaik\OneDrive\Documents\Code\ucrt64\bin;C:\msys64\ucrt64\bin;C:\Users\shaik\AppData\Local\Programs\Ollama;C:\Users\shaik\AppData\Local\nvm;C:\New folder (2)\nodejs;C:\Users\shaik\AppData\Local\Google\Cloud SDK\google-cloud-sdk\bin;C:\spark-3.5.5-bin-hadoop3\bin;C:\spark\bin;C:\Users\shaik\AppData\Local\Programs\cursor\resources\app\bin;C:\src\flutter\flutter\bin;C:\Users\shaik\AppData\Roaming\npm;C:\Users\shaik\AppData\Local\Programs\Microsoft VS Code\bin;C:\Users\shaik\AppData\Local\JetBrains\Toolbox\scripts;;."/>
    <property name="java.vm.info" value="mixed mode, sharing"/>
    <property name="stderr.encoding" value="Cp1252"/>
    <property name="java.vendor" value="OpenLogic"/>
    <property name="java.vm.version" value="21.0.8+9-adhoc.Administrator.jdk21u"/>
    <property name="sun.io.unicode.encoding" value="UnicodeLittle"/>
    <property name="java.class.version" value="65.0"/>
  </properties>
  <testcase name="contextLoads" classname="com.example.aicareerguidance.AiCareerGuidancePlatformApplicationTests" time="0.197">
    <system-out><![CDATA[
  .   ____          _            __ _ _
 /\\ / ___'_ __ _ _(_)_ __  __ _ \ \ \ \
( ( )\___ | '_ | '_| | '_ \/ _` | \ \ \ \
 \\/  ___)| |_)| | | | | || (_| |  ) ) ) )
  '  |____| .__|_| |_|_| |_\__, | / / / /
 =========|_|==============|___/=/_/_/_/

 :: Spring Boot ::                (v3.3.2)

2025-07-25T19:03:56.312+05:30  INFO 27196 --- [           main] AiCareerGuidancePlatformApplicationTests : Starting AiCareerGuidancePlatformApplicationTests using Java 21.0.8 with PID 27196 (started by shaik in G:\Microservices app\ai-career-guidance-platform)
2025-07-25T19:03:56.321+05:30  INFO 27196 --- [           main] AiCareerGuidancePlatformApplicationTests : The following 1 profile is active: "test"
2025-07-25T19:03:59.183+05:30  INFO 27196 --- [           main] .s.d.r.c.RepositoryConfigurationDelegate : Multiple Spring Data modules found, entering strict repository configuration mode
2025-07-25T19:03:59.183+05:30  INFO 27196 --- [           main] .s.d.r.c.RepositoryConfigurationDelegate : Bootstrapping Spring Data JPA repositories in DEFAULT mode.
2025-07-25T19:03:59.440+05:30  INFO 27196 --- [           main] .s.d.r.c.RepositoryConfigurationDelegate : Finished Spring Data repository scanning in 242 ms. Found 1 JPA repository interface.
2025-07-25T19:04:01.762+05:30  INFO 27196 --- [           main] o.hibernate.jpa.internal.util.LogHelper  : HHH000204: Processing PersistenceUnitInfo [name: default]
2025-07-25T19:04:01.932+05:30  INFO 27196 --- [           main] org.hibernate.Version                    : HHH000412: Hibernate ORM core version 6.5.2.Final
2025-07-25T19:04:02.052+05:30  INFO 27196 --- [           main] o.h.c.internal.RegionFactoryInitiator    : HHH000026: Second-level cache disabled
2025-07-25T19:04:03.443+05:30  INFO 27196 --- [           main] o.s.o.j.p.SpringPersistenceUnitInfo      : No LoadTimeWeaver setup: ignoring JPA class transformer
2025-07-25T19:04:03.500+05:30  INFO 27196 --- [           main] com.zaxxer.hikari.HikariDataSource       : HikariPool-1 - Starting...
2025-07-25T19:04:03.923+05:30  INFO 27196 --- [           main] com.zaxxer.hikari.pool.HikariPool        : HikariPool-1 - Added connection conn0: url=jdbc:h2:mem:testdb user=SA
2025-07-25T19:04:03.927+05:30  INFO 27196 --- [           main] com.zaxxer.hikari.HikariDataSource       : HikariPool-1 - Start completed.
2025-07-25T19:04:04.022+05:30  WARN 27196 --- [           main] org.hibernate.orm.deprecation            : HHH90000025: H2Dialect does not need to be specified explicitly using 'hibernate.dialect' (remove the property setting and it will be selected by default)
2025-07-25T19:04:06.569+05:30  INFO 27196 --- [           main] o.h.e.t.j.p.i.JtaPlatformInitiator       : HHH000489: No JTA platform available (set 'hibernate.transaction.jta.platform' to enable JTA platform integration)
Hibernate: 
    create table interviews (
        id bigint generated by default as identity,
        created_at timestamp(6),
        domain varchar(255),
        favorite_language varchar(255),
        feedback varchar(255),
        interview_mode varchar(255),
        job_role varchar(255),
        responses varchar(255),
        resume_text varchar(255),
        selected boolean not null,
        updated_at timestamp(6),
        primary key (id)
    )
2025-07-25T19:04:06.695+05:30  INFO 27196 --- [           main] j.LocalContainerEntityManagerFactoryBean : Initialized JPA EntityManagerFactory for persistence unit 'default'
2025-07-25T19:04:13.126+05:30  WARN 27196 --- [           main] JpaBaseConfiguration$JpaWebConfiguration : spring.jpa.open-in-view is enabled by default. Therefore, database queries may be performed during view rendering. Explicitly configure spring.jpa.open-in-view to disable this warning
2025-07-25T19:04:14.631+05:30  INFO 27196 --- [           main] o.s.b.a.h2.H2ConsoleAutoConfiguration    : H2 console available at '/h2-console'. Database available at 'jdbc:h2:mem:testdb'
2025-07-25T19:04:14.833+05:30  INFO 27196 --- [           main] AiCareerGuidancePlatformApplicationTests : Started AiCareerGuidancePlatformApplicationTests in 19.556 seconds (process running for 22.653)
]]></system-out>
    <system-err><![CDATA[WARNING: A Java agent has been loaded dynamically (C:\Users\shaik\.m2\repository\net\bytebuddy\byte-buddy-agent\1.14.18\byte-buddy-agent-1.14.18.jar)
WARNING: If a serviceability tool is in use, please run with -XX:+EnableDynamicAgentLoading to hide this warning
WARNING: If a serviceability tool is not in use, please run with -Djdk.instrument.traceUsage for more information
WARNING: Dynamic loading of agents will be disallowed by default in a future release
]]></system-err>
  </testcase>
</testsuite>